#-----------------------------------------------------------
# Vivado v2020.2 (64-bit)
# SW Build 3064766 on Wed Nov 18 09:12:47 MST 2020
# IP Build 3064653 on Wed Nov 18 14:17:31 MST 2020
# Start of session at: Mon Mar 22 09:38:30 2021
# Process ID: 8124
# Current directory: /home/nicola/Documents/vivado
# Command line: vivado
# Log file: /home/nicola/Documents/vivado/vivado.log
# Journal file: /home/nicola/Documents/vivado/vivado.jou
#-----------------------------------------------------------
Sourcing tcl script '/home/nicola/.Xilinx/Vivado/Vivado_init.tcl'
157 Beta devices matching pattern found, 0 enabled.
start_gui
open_project /tmp/KittCar/KittCar.xpr
INFO: [Project 1-313] Project file moved from 'C:/DESD/Project/LAB1 - 01 - KittCar/KittCar' since last save.
CRITICAL WARNING: [Project 1-311] Could not find the file '/tmp/KittCar/KittCar.srcs/sources_1/new/KittCar_v2.vhd', nor could it be found using path '/home/nicola/Documents/vivado/C:/DESD/Project/LAB1 - 01 - KittCar/KittCar/KittCar.srcs/sources_1/new/KittCar_v2.vhd'.
CRITICAL WARNING: [Project 1-311] Could not find the file '/tmp/KittCar/KittCar.srcs/sources_1/new/KittCar_v1.vhd', nor could it be found using path '/home/nicola/Documents/vivado/C:/DESD/Project/LAB1 - 01 - KittCar/KittCar/KittCar.srcs/sources_1/new/KittCar_v1.vhd'.
Scanning sources...
Finished scanning sources
INFO: [Project 1-230] Project 'KittCar.xpr' upgraded for this version of Vivado.
INFO: [IP_Flow 19-234] Refreshing IP repositories
INFO: [IP_Flow 19-1704] No user IP repositories specified
INFO: [IP_Flow 19-2313] Loaded Vivado IP repository '/opt/Xilinx/Vivado/2020.2/data/ip'.
INFO: [IP_Flow 19-3899] Cannot get the environment domain name variable for the component vendor name. Setting the vendor name to 'user.org'.
export_ip_user_files -of_objects  [get_files /tmp/KittCar/KittCar.srcs/sources_1/new/KittCar_v1.vhd] -no_script -reset -force -quiet
export_ip_user_files -of_objects  [get_files /tmp/KittCar/KittCar.srcs/sources_1/new/KittCar_v2.vhd] -no_script -reset -force -quiet
remove_files  {/tmp/KittCar/KittCar.srcs/sources_1/new/KittCar_v1.vhd /tmp/KittCar/KittCar.srcs/sources_1/new/KittCar_v2.vhd}
export_ip_user_files -of_objects  [get_files /tmp/KittCar/KittCar.srcs/sources_1/imports/new/tb_KittCar_v1.vhd] -no_script -reset -force -quiet
export_ip_user_files -of_objects  [get_files /tmp/KittCar/KittCar.srcs/sources_1/imports/new/tb_KittCar_v2.vhd] -no_script -reset -force -quiet
remove_files  {/tmp/KittCar/KittCar.srcs/sources_1/imports/new/tb_KittCar_v1.vhd /tmp/KittCar/KittCar.srcs/sources_1/imports/new/tb_KittCar_v2.vhd}
file delete -force /tmp/KittCar/KittCar.srcs/sources_1/imports/new/tb_KittCar_v1.vhd /tmp/KittCar/KittCar.srcs/sources_1/imports/new/tb_KittCar_v2.vhd
reset_run synth_1
launch_runs impl_1 -to_step write_bitstream -jobs 4
[Mon Mar 22 09:39:37 2021] Launched synth_1...
Run output will be captured here: /tmp/KittCar/KittCar.runs/synth_1/runme.log
[Mon Mar 22 09:39:37 2021] Launched impl_1...
Run output will be captured here: /tmp/KittCar/KittCar.runs/impl_1/runme.log
delete_fileset [ get_filesets sim_4 ]
ERROR: [Common 17-53] User Exception: Sorry, cannot delete an active fileset
current_fileset -simset [ get_filesets sim_1 ]
delete_fileset [ get_filesets sim_4 ]
file delete -force /tmp/KittCar/KittCar.srcs/sim_4
delete_fileset [ get_filesets sim_3 ]
file delete -force /tmp/KittCar/KittCar.srcs/sim_3
delete_fileset [ get_filesets sim_2 ]
file delete -force /tmp/KittCar/KittCar.srcs/sim_2
reset_run synth_1
launch_runs impl_1 -to_step write_bitstream -jobs 4
[Mon Mar 22 09:41:41 2021] Launched synth_1...
Run output will be captured here: /tmp/KittCar/KittCar.runs/synth_1/runme.log
[Mon Mar 22 09:41:41 2021] Launched impl_1...
Run output will be captured here: /tmp/KittCar/KittCar.runs/impl_1/runme.log
open_run synth_1 -name synth_1
Design is defaulting to impl run constrset: constrs_1
Design is defaulting to synth run part: xc7a35tcpg236-1
INFO: [Device 21-403] Loading part xc7a35tcpg236-1
Netlist sorting complete. Time (s): cpu = 00:00:00 ; elapsed = 00:00:00 . Memory (MB): peak = 7559.121 ; gain = 0.000 ; free physical = 2096 ; free virtual = 108232
INFO: [Netlist 29-17] Analyzing 12 Unisim elements for replacement
INFO: [Netlist 29-28] Unisim Transformation completed in 0 CPU seconds
INFO: [Project 1-479] Netlist was created with Vivado 2020.2
INFO: [Project 1-570] Preparing netlist for logic optimization
Parsing XDC File [/tmp/KittCar/KittCar.srcs/constrs_1/new/basys3.xdc]
WARNING: [Vivado 12-584] No ports matched 'SWs[0]'. [/tmp/KittCar/KittCar.srcs/constrs_1/new/basys3.xdc:17]
CRITICAL WARNING: [Common 17-55] 'set_property' expects at least one object. [/tmp/KittCar/KittCar.srcs/constrs_1/new/basys3.xdc:17]
Resolution: If [get_<value>] was used to populate the object, check to make sure this command returns at least one valid object.
WARNING: [Vivado 12-584] No ports matched 'SWs[0]'. [/tmp/KittCar/KittCar.srcs/constrs_1/new/basys3.xdc:18]
CRITICAL WARNING: [Common 17-55] 'set_property' expects at least one object. [/tmp/KittCar/KittCar.srcs/constrs_1/new/basys3.xdc:18]
Resolution: If [get_<value>] was used to populate the object, check to make sure this command returns at least one valid object.
WARNING: [Vivado 12-584] No ports matched 'SWs[1]'. [/tmp/KittCar/KittCar.srcs/constrs_1/new/basys3.xdc:19]
CRITICAL WARNING: [Common 17-55] 'set_property' expects at least one object. [/tmp/KittCar/KittCar.srcs/constrs_1/new/basys3.xdc:19]
Resolution: If [get_<value>] was used to populate the object, check to make sure this command returns at least one valid object.
WARNING: [Vivado 12-584] No ports matched 'SWs[1]'. [/tmp/KittCar/KittCar.srcs/constrs_1/new/basys3.xdc:20]
CRITICAL WARNING: [Common 17-55] 'set_property' expects at least one object. [/tmp/KittCar/KittCar.srcs/constrs_1/new/basys3.xdc:20]
Resolution: If [get_<value>] was used to populate the object, check to make sure this command returns at least one valid object.
WARNING: [Vivado 12-584] No ports matched 'SWs[2]'. [/tmp/KittCar/KittCar.srcs/constrs_1/new/basys3.xdc:21]
CRITICAL WARNING: [Common 17-55] 'set_property' expects at least one object. [/tmp/KittCar/KittCar.srcs/constrs_1/new/basys3.xdc:21]
Resolution: If [get_<value>] was used to populate the object, check to make sure this command returns at least one valid object.
WARNING: [Vivado 12-584] No ports matched 'SWs[2]'. [/tmp/KittCar/KittCar.srcs/constrs_1/new/basys3.xdc:22]
CRITICAL WARNING: [Common 17-55] 'set_property' expects at least one object. [/tmp/KittCar/KittCar.srcs/constrs_1/new/basys3.xdc:22]
Resolution: If [get_<value>] was used to populate the object, check to make sure this command returns at least one valid object.
WARNING: [Vivado 12-584] No ports matched 'SWs[3]'. [/tmp/KittCar/KittCar.srcs/constrs_1/new/basys3.xdc:23]
CRITICAL WARNING: [Common 17-55] 'set_property' expects at least one object. [/tmp/KittCar/KittCar.srcs/constrs_1/new/basys3.xdc:23]
Resolution: If [get_<value>] was used to populate the object, check to make sure this command returns at least one valid object.
WARNING: [Vivado 12-584] No ports matched 'SWs[3]'. [/tmp/KittCar/KittCar.srcs/constrs_1/new/basys3.xdc:24]
CRITICAL WARNING: [Common 17-55] 'set_property' expects at least one object. [/tmp/KittCar/KittCar.srcs/constrs_1/new/basys3.xdc:24]
Resolution: If [get_<value>] was used to populate the object, check to make sure this command returns at least one valid object.
WARNING: [Vivado 12-584] No ports matched 'SWs[4]'. [/tmp/KittCar/KittCar.srcs/constrs_1/new/basys3.xdc:25]
CRITICAL WARNING: [Common 17-55] 'set_property' expects at least one object. [/tmp/KittCar/KittCar.srcs/constrs_1/new/basys3.xdc:25]
Resolution: If [get_<value>] was used to populate the object, check to make sure this command returns at least one valid object.
WARNING: [Vivado 12-584] No ports matched 'SWs[4]'. [/tmp/KittCar/KittCar.srcs/constrs_1/new/basys3.xdc:26]
CRITICAL WARNING: [Common 17-55] 'set_property' expects at least one object. [/tmp/KittCar/KittCar.srcs/constrs_1/new/basys3.xdc:26]
Resolution: If [get_<value>] was used to populate the object, check to make sure this command returns at least one valid object.
WARNING: [Vivado 12-584] No ports matched 'SWs[5]'. [/tmp/KittCar/KittCar.srcs/constrs_1/new/basys3.xdc:27]
CRITICAL WARNING: [Common 17-55] 'set_property' expects at least one object. [/tmp/KittCar/KittCar.srcs/constrs_1/new/basys3.xdc:27]
Resolution: If [get_<value>] was used to populate the object, check to make sure this command returns at least one valid object.
WARNING: [Vivado 12-584] No ports matched 'SWs[5]'. [/tmp/KittCar/KittCar.srcs/constrs_1/new/basys3.xdc:28]
CRITICAL WARNING: [Common 17-55] 'set_property' expects at least one object. [/tmp/KittCar/KittCar.srcs/constrs_1/new/basys3.xdc:28]
Resolution: If [get_<value>] was used to populate the object, check to make sure this command returns at least one valid object.
WARNING: [Vivado 12-584] No ports matched 'SWs[6]'. [/tmp/KittCar/KittCar.srcs/constrs_1/new/basys3.xdc:29]
CRITICAL WARNING: [Common 17-55] 'set_property' expects at least one object. [/tmp/KittCar/KittCar.srcs/constrs_1/new/basys3.xdc:29]
Resolution: If [get_<value>] was used to populate the object, check to make sure this command returns at least one valid object.
WARNING: [Vivado 12-584] No ports matched 'SWs[6]'. [/tmp/KittCar/KittCar.srcs/constrs_1/new/basys3.xdc:30]
CRITICAL WARNING: [Common 17-55] 'set_property' expects at least one object. [/tmp/KittCar/KittCar.srcs/constrs_1/new/basys3.xdc:30]
Resolution: If [get_<value>] was used to populate the object, check to make sure this command returns at least one valid object.
WARNING: [Vivado 12-584] No ports matched 'SWs[7]'. [/tmp/KittCar/KittCar.srcs/constrs_1/new/basys3.xdc:31]
CRITICAL WARNING: [Common 17-55] 'set_property' expects at least one object. [/tmp/KittCar/KittCar.srcs/constrs_1/new/basys3.xdc:31]
Resolution: If [get_<value>] was used to populate the object, check to make sure this command returns at least one valid object.
WARNING: [Vivado 12-584] No ports matched 'SWs[7]'. [/tmp/KittCar/KittCar.srcs/constrs_1/new/basys3.xdc:32]
CRITICAL WARNING: [Common 17-55] 'set_property' expects at least one object. [/tmp/KittCar/KittCar.srcs/constrs_1/new/basys3.xdc:32]
Resolution: If [get_<value>] was used to populate the object, check to make sure this command returns at least one valid object.
WARNING: [Vivado 12-584] No ports matched 'SWs[8]'. [/tmp/KittCar/KittCar.srcs/constrs_1/new/basys3.xdc:33]
CRITICAL WARNING: [Common 17-55] 'set_property' expects at least one object. [/tmp/KittCar/KittCar.srcs/constrs_1/new/basys3.xdc:33]
Resolution: If [get_<value>] was used to populate the object, check to make sure this command returns at least one valid object.
WARNING: [Vivado 12-584] No ports matched 'SWs[8]'. [/tmp/KittCar/KittCar.srcs/constrs_1/new/basys3.xdc:34]
CRITICAL WARNING: [Common 17-55] 'set_property' expects at least one object. [/tmp/KittCar/KittCar.srcs/constrs_1/new/basys3.xdc:34]
Resolution: If [get_<value>] was used to populate the object, check to make sure this command returns at least one valid object.
WARNING: [Vivado 12-584] No ports matched 'SWs[9]'. [/tmp/KittCar/KittCar.srcs/constrs_1/new/basys3.xdc:35]
CRITICAL WARNING: [Common 17-55] 'set_property' expects at least one object. [/tmp/KittCar/KittCar.srcs/constrs_1/new/basys3.xdc:35]
Resolution: If [get_<value>] was used to populate the object, check to make sure this command returns at least one valid object.
WARNING: [Vivado 12-584] No ports matched 'SWs[9]'. [/tmp/KittCar/KittCar.srcs/constrs_1/new/basys3.xdc:36]
CRITICAL WARNING: [Common 17-55] 'set_property' expects at least one object. [/tmp/KittCar/KittCar.srcs/constrs_1/new/basys3.xdc:36]
Resolution: If [get_<value>] was used to populate the object, check to make sure this command returns at least one valid object.
WARNING: [Vivado 12-584] No ports matched 'SWs[10]'. [/tmp/KittCar/KittCar.srcs/constrs_1/new/basys3.xdc:37]
CRITICAL WARNING: [Common 17-55] 'set_property' expects at least one object. [/tmp/KittCar/KittCar.srcs/constrs_1/new/basys3.xdc:37]
Resolution: If [get_<value>] was used to populate the object, check to make sure this command returns at least one valid object.
WARNING: [Vivado 12-584] No ports matched 'SWs[10]'. [/tmp/KittCar/KittCar.srcs/constrs_1/new/basys3.xdc:38]
CRITICAL WARNING: [Common 17-55] 'set_property' expects at least one object. [/tmp/KittCar/KittCar.srcs/constrs_1/new/basys3.xdc:38]
Resolution: If [get_<value>] was used to populate the object, check to make sure this command returns at least one valid object.
WARNING: [Vivado 12-584] No ports matched 'SWs[11]'. [/tmp/KittCar/KittCar.srcs/constrs_1/new/basys3.xdc:39]
CRITICAL WARNING: [Common 17-55] 'set_property' expects at least one object. [/tmp/KittCar/KittCar.srcs/constrs_1/new/basys3.xdc:39]
Resolution: If [get_<value>] was used to populate the object, check to make sure this command returns at least one valid object.
WARNING: [Vivado 12-584] No ports matched 'SWs[11]'. [/tmp/KittCar/KittCar.srcs/constrs_1/new/basys3.xdc:40]
CRITICAL WARNING: [Common 17-55] 'set_property' expects at least one object. [/tmp/KittCar/KittCar.srcs/constrs_1/new/basys3.xdc:40]
Resolution: If [get_<value>] was used to populate the object, check to make sure this command returns at least one valid object.
WARNING: [Vivado 12-584] No ports matched 'SWs[12]'. [/tmp/KittCar/KittCar.srcs/constrs_1/new/basys3.xdc:41]
CRITICAL WARNING: [Common 17-55] 'set_property' expects at least one object. [/tmp/KittCar/KittCar.srcs/constrs_1/new/basys3.xdc:41]
Resolution: If [get_<value>] was used to populate the object, check to make sure this command returns at least one valid object.
WARNING: [Vivado 12-584] No ports matched 'SWs[12]'. [/tmp/KittCar/KittCar.srcs/constrs_1/new/basys3.xdc:42]
CRITICAL WARNING: [Common 17-55] 'set_property' expects at least one object. [/tmp/KittCar/KittCar.srcs/constrs_1/new/basys3.xdc:42]
Resolution: If [get_<value>] was used to populate the object, check to make sure this command returns at least one valid object.
WARNING: [Vivado 12-584] No ports matched 'SWs[13]'. [/tmp/KittCar/KittCar.srcs/constrs_1/new/basys3.xdc:43]
CRITICAL WARNING: [Common 17-55] 'set_property' expects at least one object. [/tmp/KittCar/KittCar.srcs/constrs_1/new/basys3.xdc:43]
Resolution: If [get_<value>] was used to populate the object, check to make sure this command returns at least one valid object.
WARNING: [Vivado 12-584] No ports matched 'SWs[13]'. [/tmp/KittCar/KittCar.srcs/constrs_1/new/basys3.xdc:44]
CRITICAL WARNING: [Common 17-55] 'set_property' expects at least one object. [/tmp/KittCar/KittCar.srcs/constrs_1/new/basys3.xdc:44]
Resolution: If [get_<value>] was used to populate the object, check to make sure this command returns at least one valid object.
WARNING: [Vivado 12-584] No ports matched 'SWs[14]'. [/tmp/KittCar/KittCar.srcs/constrs_1/new/basys3.xdc:45]
CRITICAL WARNING: [Common 17-55] 'set_property' expects at least one object. [/tmp/KittCar/KittCar.srcs/constrs_1/new/basys3.xdc:45]
Resolution: If [get_<value>] was used to populate the object, check to make sure this command returns at least one valid object.
WARNING: [Vivado 12-584] No ports matched 'SWs[14]'. [/tmp/KittCar/KittCar.srcs/constrs_1/new/basys3.xdc:46]
CRITICAL WARNING: [Common 17-55] 'set_property' expects at least one object. [/tmp/KittCar/KittCar.srcs/constrs_1/new/basys3.xdc:46]
Resolution: If [get_<value>] was used to populate the object, check to make sure this command returns at least one valid object.
WARNING: [Vivado 12-584] No ports matched 'SWs[15]'. [/tmp/KittCar/KittCar.srcs/constrs_1/new/basys3.xdc:47]
CRITICAL WARNING: [Common 17-55] 'set_property' expects at least one object. [/tmp/KittCar/KittCar.srcs/constrs_1/new/basys3.xdc:47]
Resolution: If [get_<value>] was used to populate the object, check to make sure this command returns at least one valid object.
WARNING: [Vivado 12-584] No ports matched 'SWs[15]'. [/tmp/KittCar/KittCar.srcs/constrs_1/new/basys3.xdc:48]
CRITICAL WARNING: [Common 17-55] 'set_property' expects at least one object. [/tmp/KittCar/KittCar.srcs/constrs_1/new/basys3.xdc:48]
Resolution: If [get_<value>] was used to populate the object, check to make sure this command returns at least one valid object.
WARNING: [Vivado 12-584] No ports matched 'LEDs[0]'. [/tmp/KittCar/KittCar.srcs/constrs_1/new/basys3.xdc:52]
CRITICAL WARNING: [Common 17-55] 'set_property' expects at least one object. [/tmp/KittCar/KittCar.srcs/constrs_1/new/basys3.xdc:52]
Resolution: If [get_<value>] was used to populate the object, check to make sure this command returns at least one valid object.
WARNING: [Vivado 12-584] No ports matched 'LEDs[0]'. [/tmp/KittCar/KittCar.srcs/constrs_1/new/basys3.xdc:53]
CRITICAL WARNING: [Common 17-55] 'set_property' expects at least one object. [/tmp/KittCar/KittCar.srcs/constrs_1/new/basys3.xdc:53]
Resolution: If [get_<value>] was used to populate the object, check to make sure this command returns at least one valid object.
WARNING: [Vivado 12-584] No ports matched 'LEDs[1]'. [/tmp/KittCar/KittCar.srcs/constrs_1/new/basys3.xdc:54]
CRITICAL WARNING: [Common 17-55] 'set_property' expects at least one object. [/tmp/KittCar/KittCar.srcs/constrs_1/new/basys3.xdc:54]
Resolution: If [get_<value>] was used to populate the object, check to make sure this command returns at least one valid object.
WARNING: [Vivado 12-584] No ports matched 'LEDs[1]'. [/tmp/KittCar/KittCar.srcs/constrs_1/new/basys3.xdc:55]
CRITICAL WARNING: [Common 17-55] 'set_property' expects at least one object. [/tmp/KittCar/KittCar.srcs/constrs_1/new/basys3.xdc:55]
Resolution: If [get_<value>] was used to populate the object, check to make sure this command returns at least one valid object.
WARNING: [Vivado 12-584] No ports matched 'LEDs[2]'. [/tmp/KittCar/KittCar.srcs/constrs_1/new/basys3.xdc:56]
CRITICAL WARNING: [Common 17-55] 'set_property' expects at least one object. [/tmp/KittCar/KittCar.srcs/constrs_1/new/basys3.xdc:56]
Resolution: If [get_<value>] was used to populate the object, check to make sure this command returns at least one valid object.
WARNING: [Vivado 12-584] No ports matched 'LEDs[2]'. [/tmp/KittCar/KittCar.srcs/constrs_1/new/basys3.xdc:57]
CRITICAL WARNING: [Common 17-55] 'set_property' expects at least one object. [/tmp/KittCar/KittCar.srcs/constrs_1/new/basys3.xdc:57]
Resolution: If [get_<value>] was used to populate the object, check to make sure this command returns at least one valid object.
WARNING: [Vivado 12-584] No ports matched 'LEDs[3]'. [/tmp/KittCar/KittCar.srcs/constrs_1/new/basys3.xdc:58]
CRITICAL WARNING: [Common 17-55] 'set_property' expects at least one object. [/tmp/KittCar/KittCar.srcs/constrs_1/new/basys3.xdc:58]
Resolution: If [get_<value>] was used to populate the object, check to make sure this command returns at least one valid object.
WARNING: [Vivado 12-584] No ports matched 'LEDs[3]'. [/tmp/KittCar/KittCar.srcs/constrs_1/new/basys3.xdc:59]
CRITICAL WARNING: [Common 17-55] 'set_property' expects at least one object. [/tmp/KittCar/KittCar.srcs/constrs_1/new/basys3.xdc:59]
Resolution: If [get_<value>] was used to populate the object, check to make sure this command returns at least one valid object.
WARNING: [Vivado 12-584] No ports matched 'LEDs[4]'. [/tmp/KittCar/KittCar.srcs/constrs_1/new/basys3.xdc:60]
CRITICAL WARNING: [Common 17-55] 'set_property' expects at least one object. [/tmp/KittCar/KittCar.srcs/constrs_1/new/basys3.xdc:60]
Resolution: If [get_<value>] was used to populate the object, check to make sure this command returns at least one valid object.
WARNING: [Vivado 12-584] No ports matched 'LEDs[4]'. [/tmp/KittCar/KittCar.srcs/constrs_1/new/basys3.xdc:61]
CRITICAL WARNING: [Common 17-55] 'set_property' expects at least one object. [/tmp/KittCar/KittCar.srcs/constrs_1/new/basys3.xdc:61]
Resolution: If [get_<value>] was used to populate the object, check to make sure this command returns at least one valid object.
WARNING: [Vivado 12-584] No ports matched 'LEDs[5]'. [/tmp/KittCar/KittCar.srcs/constrs_1/new/basys3.xdc:62]
CRITICAL WARNING: [Common 17-55] 'set_property' expects at least one object. [/tmp/KittCar/KittCar.srcs/constrs_1/new/basys3.xdc:62]
Resolution: If [get_<value>] was used to populate the object, check to make sure this command returns at least one valid object.
WARNING: [Vivado 12-584] No ports matched 'LEDs[5]'. [/tmp/KittCar/KittCar.srcs/constrs_1/new/basys3.xdc:63]
CRITICAL WARNING: [Common 17-55] 'set_property' expects at least one object. [/tmp/KittCar/KittCar.srcs/constrs_1/new/basys3.xdc:63]
Resolution: If [get_<value>] was used to populate the object, check to make sure this command returns at least one valid object.
WARNING: [Vivado 12-584] No ports matched 'LEDs[6]'. [/tmp/KittCar/KittCar.srcs/constrs_1/new/basys3.xdc:64]
CRITICAL WARNING: [Common 17-55] 'set_property' expects at least one object. [/tmp/KittCar/KittCar.srcs/constrs_1/new/basys3.xdc:64]
Resolution: If [get_<value>] was used to populate the object, check to make sure this command returns at least one valid object.
WARNING: [Vivado 12-584] No ports matched 'LEDs[6]'. [/tmp/KittCar/KittCar.srcs/constrs_1/new/basys3.xdc:65]
CRITICAL WARNING: [Common 17-55] 'set_property' expects at least one object. [/tmp/KittCar/KittCar.srcs/constrs_1/new/basys3.xdc:65]
Resolution: If [get_<value>] was used to populate the object, check to make sure this command returns at least one valid object.
WARNING: [Vivado 12-584] No ports matched 'LEDs[7]'. [/tmp/KittCar/KittCar.srcs/constrs_1/new/basys3.xdc:66]
CRITICAL WARNING: [Common 17-55] 'set_property' expects at least one object. [/tmp/KittCar/KittCar.srcs/constrs_1/new/basys3.xdc:66]
Resolution: If [get_<value>] was used to populate the object, check to make sure this command returns at least one valid object.
WARNING: [Vivado 12-584] No ports matched 'LEDs[7]'. [/tmp/KittCar/KittCar.srcs/constrs_1/new/basys3.xdc:67]
CRITICAL WARNING: [Common 17-55] 'set_property' expects at least one object. [/tmp/KittCar/KittCar.srcs/constrs_1/new/basys3.xdc:67]
Resolution: If [get_<value>] was used to populate the object, check to make sure this command returns at least one valid object.
WARNING: [Vivado 12-584] No ports matched 'LEDs[8]'. [/tmp/KittCar/KittCar.srcs/constrs_1/new/basys3.xdc:68]
CRITICAL WARNING: [Common 17-55] 'set_property' expects at least one object. [/tmp/KittCar/KittCar.srcs/constrs_1/new/basys3.xdc:68]
Resolution: If [get_<value>] was used to populate the object, check to make sure this command returns at least one valid object.
WARNING: [Vivado 12-584] No ports matched 'LEDs[8]'. [/tmp/KittCar/KittCar.srcs/constrs_1/new/basys3.xdc:69]
CRITICAL WARNING: [Common 17-55] 'set_property' expects at least one object. [/tmp/KittCar/KittCar.srcs/constrs_1/new/basys3.xdc:69]
Resolution: If [get_<value>] was used to populate the object, check to make sure this command returns at least one valid object.
WARNING: [Vivado 12-584] No ports matched 'LEDs[9]'. [/tmp/KittCar/KittCar.srcs/constrs_1/new/basys3.xdc:70]
CRITICAL WARNING: [Common 17-55] 'set_property' expects at least one object. [/tmp/KittCar/KittCar.srcs/constrs_1/new/basys3.xdc:70]
Resolution: If [get_<value>] was used to populate the object, check to make sure this command returns at least one valid object.
WARNING: [Vivado 12-584] No ports matched 'LEDs[9]'. [/tmp/KittCar/KittCar.srcs/constrs_1/new/basys3.xdc:71]
CRITICAL WARNING: [Common 17-55] 'set_property' expects at least one object. [/tmp/KittCar/KittCar.srcs/constrs_1/new/basys3.xdc:71]
Resolution: If [get_<value>] was used to populate the object, check to make sure this command returns at least one valid object.
WARNING: [Vivado 12-584] No ports matched 'LEDs[10]'. [/tmp/KittCar/KittCar.srcs/constrs_1/new/basys3.xdc:72]
CRITICAL WARNING: [Common 17-55] 'set_property' expects at least one object. [/tmp/KittCar/KittCar.srcs/constrs_1/new/basys3.xdc:72]
Resolution: If [get_<value>] was used to populate the object, check to make sure this command returns at least one valid object.
WARNING: [Vivado 12-584] No ports matched 'LEDs[10]'. [/tmp/KittCar/KittCar.srcs/constrs_1/new/basys3.xdc:73]
CRITICAL WARNING: [Common 17-55] 'set_property' expects at least one object. [/tmp/KittCar/KittCar.srcs/constrs_1/new/basys3.xdc:73]
Resolution: If [get_<value>] was used to populate the object, check to make sure this command returns at least one valid object.
WARNING: [Vivado 12-584] No ports matched 'LEDs[11]'. [/tmp/KittCar/KittCar.srcs/constrs_1/new/basys3.xdc:74]
CRITICAL WARNING: [Common 17-55] 'set_property' expects at least one object. [/tmp/KittCar/KittCar.srcs/constrs_1/new/basys3.xdc:74]
Resolution: If [get_<value>] was used to populate the object, check to make sure this command returns at least one valid object.
WARNING: [Vivado 12-584] No ports matched 'LEDs[11]'. [/tmp/KittCar/KittCar.srcs/constrs_1/new/basys3.xdc:75]
CRITICAL WARNING: [Common 17-55] 'set_property' expects at least one object. [/tmp/KittCar/KittCar.srcs/constrs_1/new/basys3.xdc:75]
Resolution: If [get_<value>] was used to populate the object, check to make sure this command returns at least one valid object.
WARNING: [Vivado 12-584] No ports matched 'LEDs[12]'. [/tmp/KittCar/KittCar.srcs/constrs_1/new/basys3.xdc:76]
CRITICAL WARNING: [Common 17-55] 'set_property' expects at least one object. [/tmp/KittCar/KittCar.srcs/constrs_1/new/basys3.xdc:76]
Resolution: If [get_<value>] was used to populate the object, check to make sure this command returns at least one valid object.
WARNING: [Vivado 12-584] No ports matched 'LEDs[12]'. [/tmp/KittCar/KittCar.srcs/constrs_1/new/basys3.xdc:77]
CRITICAL WARNING: [Common 17-55] 'set_property' expects at least one object. [/tmp/KittCar/KittCar.srcs/constrs_1/new/basys3.xdc:77]
Resolution: If [get_<value>] was used to populate the object, check to make sure this command returns at least one valid object.
WARNING: [Vivado 12-584] No ports matched 'LEDs[13]'. [/tmp/KittCar/KittCar.srcs/constrs_1/new/basys3.xdc:78]
CRITICAL WARNING: [Common 17-55] 'set_property' expects at least one object. [/tmp/KittCar/KittCar.srcs/constrs_1/new/basys3.xdc:78]
Resolution: If [get_<value>] was used to populate the object, check to make sure this command returns at least one valid object.
WARNING: [Vivado 12-584] No ports matched 'LEDs[13]'. [/tmp/KittCar/KittCar.srcs/constrs_1/new/basys3.xdc:79]
CRITICAL WARNING: [Common 17-55] 'set_property' expects at least one object. [/tmp/KittCar/KittCar.srcs/constrs_1/new/basys3.xdc:79]
Resolution: If [get_<value>] was used to populate the object, check to make sure this command returns at least one valid object.
WARNING: [Vivado 12-584] No ports matched 'LEDs[14]'. [/tmp/KittCar/KittCar.srcs/constrs_1/new/basys3.xdc:80]
CRITICAL WARNING: [Common 17-55] 'set_property' expects at least one object. [/tmp/KittCar/KittCar.srcs/constrs_1/new/basys3.xdc:80]
Resolution: If [get_<value>] was used to populate the object, check to make sure this command returns at least one valid object.
WARNING: [Vivado 12-584] No ports matched 'LEDs[14]'. [/tmp/KittCar/KittCar.srcs/constrs_1/new/basys3.xdc:81]
CRITICAL WARNING: [Common 17-55] 'set_property' expects at least one object. [/tmp/KittCar/KittCar.srcs/constrs_1/new/basys3.xdc:81]
Resolution: If [get_<value>] was used to populate the object, check to make sure this command returns at least one valid object.
WARNING: [Vivado 12-584] No ports matched 'LEDs[15]'. [/tmp/KittCar/KittCar.srcs/constrs_1/new/basys3.xdc:82]
CRITICAL WARNING: [Common 17-55] 'set_property' expects at least one object. [/tmp/KittCar/KittCar.srcs/constrs_1/new/basys3.xdc:82]
Resolution: If [get_<value>] was used to populate the object, check to make sure this command returns at least one valid object.
WARNING: [Vivado 12-584] No ports matched 'LEDs[15]'. [/tmp/KittCar/KittCar.srcs/constrs_1/new/basys3.xdc:83]
CRITICAL WARNING: [Common 17-55] 'set_property' expects at least one object. [/tmp/KittCar/KittCar.srcs/constrs_1/new/basys3.xdc:83]
Resolution: If [get_<value>] was used to populate the object, check to make sure this command returns at least one valid object.
Finished Parsing XDC File [/tmp/KittCar/KittCar.srcs/constrs_1/new/basys3.xdc]
INFO: [Opt 31-138] Pushed 0 inverter(s) to 0 load pin(s).
Netlist sorting complete. Time (s): cpu = 00:00:00 ; elapsed = 00:00:00 . Memory (MB): peak = 7591.133 ; gain = 0.000 ; free physical = 2003 ; free virtual = 108139
INFO: [Project 1-111] Unisim Transformation Summary:
No Unisim elements were transformed.

reset_run synth_1
launch_runs impl_1 -to_step write_bitstream -jobs 4
WARNING: [Project 1-478] Design 'synth_1' is stale and will not be used when launching 'impl_1'
[Mon Mar 22 09:44:28 2021] Launched synth_1...
Run output will be captured here: /tmp/KittCar/KittCar.runs/synth_1/runme.log
[Mon Mar 22 09:44:28 2021] Launched impl_1...
Run output will be captured here: /tmp/KittCar/KittCar.runs/impl_1/runme.log
close_design
open_hw_manager
connect_hw_server -allow_non_jtag
INFO: [Labtools 27-2285] Connecting to hw_server url TCP:localhost:3121
INFO: [Labtools 27-2222] Launching hw_server...
INFO: [Labtools 27-2221] Launch Output:

****** Xilinx hw_server v2020.2
  **** Build date : Nov 18 2020 at 09:50:49
    ** Copyright 1986-2020 Xilinx, Inc. All Rights Reserved.


INFO: [Labtools 27-3415] Connecting to cs_server url TCP:localhost:3042
INFO: [Labtools 27-3417] Launching cs_server...
INFO: [Labtools 27-2221] Launch Output:


******** Xilinx cs_server v2020.2
  ****** Build date   : Nov 03 2020-22:02:56
    **** Build number : 2020.2.1604437376
      ** Copyright 2017-2020 Xilinx, Inc. All Rights Reserved.



open_hw_target
INFO: [Labtoolstcl 44-466] Opening hw_target localhost:3121/xilinx_tcf/Digilent/210183AA0CBBA
set_property PROGRAM.FILE {/tmp/KittCar/KittCar.runs/impl_1/KittCar.bit} [get_hw_devices xc7a35t_0]
current_hw_device [get_hw_devices xc7a35t_0]
refresh_hw_device -update_hw_probes false [lindex [get_hw_devices xc7a35t_0] 0]
INFO: [Labtools 27-1434] Device xc7a35t (JTAG device index = 0) is programmed with a design that has no supported debug core(s) in it.
set_property PROBES.FILE {} [get_hw_devices xc7a35t_0]
set_property FULL_PROBES.FILE {} [get_hw_devices xc7a35t_0]
set_property PROGRAM.FILE {/tmp/KittCar/KittCar.runs/impl_1/KittCar.bit} [get_hw_devices xc7a35t_0]
program_hw_devices [get_hw_devices xc7a35t_0]
INFO: [Labtools 27-3164] End of startup status: HIGH
refresh_hw_device [lindex [get_hw_devices xc7a35t_0] 0]
INFO: [Labtools 27-1434] Device xc7a35t (JTAG device index = 0) is programmed with a design that has no supported debug core(s) in it.
archive_project /tmp/KittCar.xpr.zip -force -include_config_settings
INFO: [Coretcl 2-137] starting archive...
INFO: [Coretcl 2-1499] Saving project copy to temporary location './.Xil/Vivado-8124-nicolac-lab' for archiving project
Scanning sources...
Finished scanning sources
INFO: [Coretcl 2-1211] Creating project copy for archival...
INFO: [Coretcl 2-1213] Including run results for 'synth_1'
INFO: [Coretcl 2-1213] Including run results for 'impl_1'
INFO: [Coretcl 2-1212] Importing remotely added design sources and verilog include files (if any)...
INFO: [filemgmt 20-334] All file(s) are already imported in fileset: 'constrs_1'
INFO: [filemgmt 20-348] Importing the appropriate files for fileset: 'constrs_1'
INFO: [filemgmt 20-334] All file(s) are already imported in fileset: 'sim_1'
INFO: [filemgmt 20-348] Importing the appropriate files for fileset: 'sim_1'
INFO: [filemgmt 20-348] Importing the appropriate files for fileset: 'sources_1'
