#-----------------------------------------------------------
# Vivado v2020.2 (64-bit)
# SW Build 3064766 on Wed Nov 18 09:12:45 MST 2020
# IP Build 3064653 on Wed Nov 18 14:17:31 MST 2020
# Start of session at: Mon Mar 28 13:46:20 2022
# Process ID: 16536
# Current directory: D:/Polimi/2.Semester/Digital Electronic Systems Design/Lab furkan test/KittCar.xpr/KittCar
# Command line: vivado.exe -gui_launcher_event rodinguilauncherevent11080 D:\Polimi\2.Semester\Digital Electronic Systems Design\Lab furkan test\KittCar.xpr\KittCar\KittCar.xpr
# Log file: D:/Polimi/2.Semester/Digital Electronic Systems Design/Lab furkan test/KittCar.xpr/KittCar/vivado.log
# Journal file: D:/Polimi/2.Semester/Digital Electronic Systems Design/Lab furkan test/KittCar.xpr/KittCar\vivado.jou
#-----------------------------------------------------------
start_gui
open_project {D:/Polimi/2.Semester/Digital Electronic Systems Design/Lab furkan test/KittCar.xpr/KittCar/KittCar.xpr}
INFO: [ProjectBase 1-489] The host OS only allows 260 characters in a normal path. The project is stored in a path with more than 80 characters. If you experience issues with IP, Block Designs, or files not being found, please consider moving the project to a location with a shorter path. Alternately consider using the OS subst command to map part of the path to a drive letter.
Current project path is 'D:/Polimi/2.Semester/Digital Electronic Systems Design/Lab furkan test/KittCar.xpr/KittCar'
Scanning sources...
Finished scanning sources
INFO: [IP_Flow 19-234] Refreshing IP repositories
INFO: [IP_Flow 19-1704] No user IP repositories specified
INFO: [IP_Flow 19-2313] Loaded Vivado IP repository 'D:/Xilinx/Vivado/2020.2/data/ip'.
exit
INFO: [Common 17-206] Exiting Vivado at Mon Mar 28 13:47:18 2022...
s when you use custom board part. You can resolve this issue by setting 'board.repoPaths' parameter, pointing to the location of custom board files. Valid board_part values can be retrieved with the 'get_board_parts' Tcl command.
INFO: [IP_Flow 19-234] Refreshing IP repositories
INFO: [IP_Flow 19-1704] No user IP repositories specified
INFO: [IP_Flow 19-2313] Loaded Vivado IP repository 'D:/Xilinx/Vivado/2020.2/data/ip'.
exit
INFO: [Common 17-206] Exiting Vivado at Mon Mar 28 13:47:20 2022...
