#-----------------------------------------------------------
# Vivado v2020.2 (64-bit)
# SW Build 3064766 on Wed Nov 18 09:12:45 MST 2020
# IP Build 3064653 on Wed Nov 18 14:17:31 MST 2020
# Start of session at: Sun Mar 27 18:26:51 2022
# Process ID: 7884
# Current directory: C:/Users/Utente/Documents/DESD/LAB1/KittCarPWM
# Command line: vivado.exe -gui_launcher_event rodinguilauncherevent10992 C:\Users\Utente\Documents\DESD\LAB1\KittCarPWM\KittCarPWM.xpr
# Log file: C:/Users/Utente/Documents/DESD/LAB1/KittCarPWM/vivado.log
# Journal file: C:/Users/Utente/Documents/DESD/LAB1/KittCarPWM\vivado.jou
#-----------------------------------------------------------
start_gui
open_project C:/Users/Utente/Documents/DESD/LAB1/KittCarPWM/KittCarPWM.xpr
WARNING: [filemgmt 56-3] Default IP Output Path : Could not find the directory 'C:/Users/Utente/Documents/DESD/LAB1/KittCarPWM/KittCarPWM.gen/sources_1'.
Scanning sources...
Finished scanning sources
INFO: [IP_Flow 19-234] Refreshing IP repositories
INFO: [IP_Flow 19-1704] No user IP repositories specified
INFO: [IP_Flow 19-2313] Loaded Vivado IP repository 'C:/Xilinx/Vivado/2020.2/data/ip'.
update_compile_order -fileset sources_1
exit
INFO: [Common 17-206] Exiting Vivado at Sun Mar 27 18:31:36 2022...
