#-----------------------------------------------------------
# Vivado v2020.2 (64-bit)
# SW Build 3064766 on Wed Nov 18 09:12:45 MST 2020
# IP Build 3064653 on Wed Nov 18 14:17:31 MST 2020
# Start of session at: Sun Apr  3 18:14:40 2022
# Process ID: 756
# Current directory: D:/Polimi/2.Semester/Digital Electronic Systems Design/Lab Furkan Test Local Files/LAB1/Group LAB1/LAB1/KittCarPWM
# Command line: vivado.exe -gui_launcher_event rodinguilauncherevent19992 D:\Polimi\2.Semester\Digital Electronic Systems Design\Lab Furkan Test Local Files\LAB1\Group LAB1\LAB1\KittCarPWM\KittCarPWM.xpr
# Log file: D:/Polimi/2.Semester/Digital Electronic Systems Design/Lab Furkan Test Local Files/LAB1/Group LAB1/LAB1/KittCarPWM/vivado.log
# Journal file: D:/Polimi/2.Semester/Digital Electronic Systems Design/Lab Furkan Test Local Files/LAB1/Group LAB1/LAB1/KittCarPWM\vivado.jou
#-----------------------------------------------------------
start_gui
open_project {D:/Polimi/2.Semester/Digital Electronic Systems Design/Lab Furkan Test Local Files/LAB1/Group LAB1/LAB1/KittCarPWM/KittCarPWM.xpr}
INFO: [ProjectBase 1-489] The host OS only allows 260 characters in a normal path. The project is stored in a path with more than 80 characters. If you experience issues with IP, Block Designs, or files not being found, please consider moving the project to a location with a shorter path. Alternately consider using the OS subst command to map part of the path to a drive letter.
Current project path is 'D:/Polimi/2.Semester/Digital Electronic Systems Design/Lab Furkan Test Local Files/LAB1/Group LAB1/LAB1/KittCarPWM'
WARNING: [filemgmt 56-3] Default IP Output Path : Could not find the directory 'D:/Polimi/2.Semester/Digital Electronic Systems Design/Lab Furkan Test Local Files/LAB1/Group LAB1/LAB1/KittCarPWM/KittCarPWM.gen/sources_1'.
Scanning sources...
Finished scanning sources
INFO: [IP_Flow 19-234] Refreshing IP repositories
INFO: [IP_Flow 19-1704] No user IP repositories specified
INFO: [IP_Flow 19-2313] Loaded Vivado IP repository 'D:/Xilinx/Vivado/2020.2/data/ip'.
update_compile_order -fileset sources_1
launch_simulation
Command: launch_simulation 
INFO: [Vivado 12-5682] Launching behavioral simulation in 'D:/Polimi/2.Semester/Digital Electronic Systems Design/Lab Furkan Test Local Files/LAB1/Group LAB1/LAB1/KittCarPWM/KittCarPWM.sim/sim_1/behav/xsim'
INFO: [SIM-utils-51] Simulation object is 'sim_1'
INFO: [SIM-utils-54] Inspecting design source files for 'KittCarPWM' in fileset 'sim_1'...
INFO: [USF-XSim-97] Finding global include files...
INFO: [USF-XSim-98] Fetching design files from 'sim_1'...
INFO: [USF-XSim-2] XSim::Compile design
INFO: [USF-XSim-61] Executing 'COMPILE and ANALYZE' step in 'D:/Polimi/2.Semester/Digital Electronic Systems Design/Lab Furkan Test Local Files/LAB1/Group LAB1/LAB1/KittCarPWM/KittCarPWM.sim/sim_1/behav/xsim'
"xvhdl --incr --relax -prj KittCarPWM_vhdl.prj"
INFO: [VRFC 10-163] Analyzing VHDL file "D:/Polimi/2.Semester/Digital Electronic Systems Design/Lab Furkan Test Local Files/LAB1/Group LAB1/LAB1/KittCarPWM/KittCarPWM.srcs/sources_1/new/PulseGenerator.vhd" into library xil_defaultlib
INFO: [VRFC 10-3107] analyzing entity 'PulseGenerator'
INFO: [VRFC 10-163] Analyzing VHDL file "D:/Polimi/2.Semester/Digital Electronic Systems Design/Lab Furkan Test Local Files/LAB1/Group LAB1/LAB1/KittCarPWM/KittCarPWM.srcs/sources_1/new/KittCarPWM.vhd" into library xil_defaultlib
INFO: [VRFC 10-3107] analyzing entity 'KittCarPWM'
INFO: [USF-XSim-69] 'compile' step finished in '1' seconds
INFO: [USF-XSim-3] XSim::Elaborate design
INFO: [USF-XSim-61] Executing 'ELABORATE' step in 'D:/Polimi/2.Semester/Digital Electronic Systems Design/Lab Furkan Test Local Files/LAB1/Group LAB1/LAB1/KittCarPWM/KittCarPWM.sim/sim_1/behav/xsim'
"xelab -wto e08d4ec39cab41adb74143b3e862036c --incr --debug typical --relax --mt 2 -L xil_defaultlib -L secureip --snapshot KittCarPWM_behav xil_defaultlib.KittCarPWM -log elaborate.log"
Vivado Simulator 2020.2
Copyright 1986-1999, 2001-2020 Xilinx, Inc. All Rights Reserved.
Running: D:/Xilinx/Vivado/2020.2/bin/unwrapped/win64.o/xelab.exe -wto e08d4ec39cab41adb74143b3e862036c --incr --debug typical --relax --mt 2 -L xil_defaultlib -L secureip --snapshot KittCarPWM_behav xil_defaultlib.KittCarPWM -log elaborate.log 
Using 2 slave threads.
Starting static elaboration
Completed static elaboration
Starting simulation data flow analysis
Completed simulation data flow analysis
Time Resolution for simulation is 1ps
Compiling package std.standard
Compiling package std.textio
Compiling package ieee.std_logic_1164
Compiling package ieee.numeric_std
Compiling architecture behavioral of entity xil_defaultlib.PulseWidthModulator [\PulseWidthModulator(bit_length=...]
Compiling architecture behavioral of entity xil_defaultlib.LedController [ledcontroller_default]
Compiling architecture behavioral of entity xil_defaultlib.PulseGenerator [\PulseGenerator(clk_period_ns=10...]
Compiling architecture behavioral of entity xil_defaultlib.KittCar [kittcar_default]
Compiling architecture behavioral of entity xil_defaultlib.kittcarpwm
Built simulation snapshot KittCarPWM_behav
INFO: [USF-XSim-69] 'elaborate' step finished in '3' seconds
INFO: [USF-XSim-4] XSim::Simulate design
INFO: [USF-XSim-61] Executing 'SIMULATE' step in 'D:/Polimi/2.Semester/Digital Electronic Systems Design/Lab Furkan Test Local Files/LAB1/Group LAB1/LAB1/KittCarPWM/KittCarPWM.sim/sim_1/behav/xsim'
INFO: [USF-XSim-98] *** Running xsim
   with args "KittCarPWM_behav -key {Behavioral:sim_1:Functional:KittCarPWM} -tclbatch {KittCarPWM.tcl} -log {simulate.log}"
INFO: [USF-XSim-8] Loading simulator feature
Vivado Simulator 2020.2
Time resolution is 1 ps
source KittCarPWM.tcl
# set curr_wave [current_wave_config]
# if { [string length $curr_wave] == 0 } {
#   if { [llength [get_objects]] > 0} {
#     add_wave /
#     set_property needs_save false [current_wave_config]
#   } else {
#      send_msg_id Add_Wave-1 WARNING "No top level signals found. Simulator will start without a wave window. If you want to open a wave window go to 'File->New Waveform Configuration' or type 'create_wave_config' in the TCL console."
#   }
# }
# run 1000ns
INFO: [USF-XSim-96] XSim completed. Design snapshot 'KittCarPWM_behav' loaded.
INFO: [USF-XSim-97] XSim simulation ran for 1000ns
launch_simulation: Time (s): cpu = 00:00:08 ; elapsed = 00:00:08 . Memory (MB): peak = 1018.652 ; gain = 0.000
set_property top tb_PulseGenerator [get_filesets sim_1]
set_property top_lib xil_defaultlib [get_filesets sim_1]
update_compile_order -fileset sim_1
launch_simulation
Command: launch_simulation 
boost::filesystem::remove: The process cannot access the file because it is being used by another process: "D:/Polimi/2.Semester/Digital Electronic Systems Design/Lab Furkan Test Local Files/LAB1/Group LAB1/LAB1/KittCarPWM/KittCarPWM.sim/sim_1/behav/xsim/simulate.log"
launch_simulation
Command: launch_simulation 
boost::filesystem::remove: The process cannot access the file because it is being used by another process: "D:/Polimi/2.Semester/Digital Electronic Systems Design/Lab Furkan Test Local Files/LAB1/Group LAB1/LAB1/KittCarPWM/KittCarPWM.sim/sim_1/behav/xsim/simulate.log"
close_sim
INFO: [Simtcl 6-16] Simulation closed
exit
INFO: [Common 17-206] Exiting Vivado at Sun Apr  3 18:17:18 2022...
